<?xml version="1.0" encoding="UTF-8"?>
<testsuite xmlns:xsi="http://www.w3.org/2001/XMLSchema-instance" xsi:noNamespaceSchemaLocation="https://maven.apache.org/surefire/maven-surefire-plugin/xsd/surefire-test-report-3.0.xsd" version="3.0" name="com.example.Demo.Demo.DemoApplicationTests" time="1.333" tests="1" errors="0" skipped="0" failures="0">
  <properties>
[...]
</properties>
  <testcase name="contextLoads" classname="com.example.Demo.Demo.DemoApplicationTests" time="0.402">
    <system-out><![CDATA[12:40:47.056 [main] INFO org.springframework.test.context.support.AnnotationConfigContextLoaderUtils -- Could not detect default configuration classes for test class [com.example.Demo.Demo.DemoApplicationTests]: DemoApplicationTests does not declare any static, non-private, non-final, nested classes annotated with @Configuration.
12:40:47.104 [main] INFO org.springframework.boot.test.context.SpringBootTestContextBootstrapper -- Found @SpringBootConfiguration com.example.Demo.Demo.DemoApplication for test class com.example.Demo.Demo.DemoApplicationTests
12:40:47.164 [main] INFO org.springframework.boot.devtools.restart.RestartApplicationListener -- Restart disabled due to context in which it is running

  .   ____          _            __ _ _
 /\\ / ___'_ __ _ _(_)_ __  __ _ \ \ \ \
( ( )\___ | '_ | '_| | '_ \/ _` | \ \ \ \
 \\/  ___)| |_)| | | | | || (_| |  ) ) ) )
  '  |____| .__|_| |_|_| |_\__, | / / / /
 =========|_|==============|___/=/_/_/_/
 :: Spring Boot ::                (v3.2.3)

2024-02-27T12:40:47.296-06:00  INFO 48868 --- [           main] c.e.Demo.Demo.DemoApplicationTests       : Starting DemoApplicationTests using Java 17.0.10 with PID 48868 (started by johnnywells in /Users/johnnywells/Desktop/Jaspty Demo/Demo)
2024-02-27T12:40:47.297-06:00  INFO 48868 --- [           main] c.e.Demo.Demo.DemoApplicationTests       : No active profile set, falling back to 1 default profile: "default"
2024-02-27T12:40:47.649-06:00  INFO 48868 --- [           main] lePropertySourceBeanFactoryPostProcessor : Loading Encryptable Property Source 'EncryptedProperties2'
2024-02-27T12:40:47.656-06:00  INFO 48868 --- [           main] lePropertySourceBeanFactoryPostProcessor : Created Encryptable Property Source 'EncryptedProperties2' from locations: [classpath:encrypted2.properties]
2024-02-27T12:40:47.656-06:00  INFO 48868 --- [           main] lePropertySourceBeanFactoryPostProcessor : Loading Encryptable Property Source 'EncryptedProperties3'
2024-02-27T12:40:47.657-06:00  INFO 48868 --- [           main] lePropertySourceBeanFactoryPostProcessor : Created Encryptable Property Source 'EncryptedProperties3' from locations: [classpath:encrypted3.yml]
2024-02-27T12:40:47.657-06:00  INFO 48868 --- [           main] lePropertySourceBeanFactoryPostProcessor : Loading Encryptable Property Source 'test'
2024-02-27T12:40:47.657-06:00  INFO 48868 --- [           main] lePropertySourceBeanFactoryPostProcessor : Ignoring NOT FOUND Encryptable Property Source 'test' from locations: classpath:test.properties
2024-02-27T12:40:47.657-06:00  INFO 48868 --- [           main] lePropertySourceBeanFactoryPostProcessor : Created Encryptable Property Source 'test' from locations: [classpath:test.properties]
2024-02-27T12:40:47.657-06:00  INFO 48868 --- [           main] ptablePropertiesBeanFactoryPostProcessor : Post-processing PropertySource instances
2024-02-27T12:40:47.657-06:00  INFO 48868 --- [           main] c.u.j.EncryptablePropertySourceConverter : Skipping PropertySource configurationProperties [class org.springframework.boot.context.properties.source.ConfigurationPropertySourcesPropertySource
2024-02-27T12:40:47.657-06:00  INFO 48868 --- [           main] c.u.j.EncryptablePropertySourceConverter : Converting PropertySource Inlined Test Properties [org.springframework.core.env.MapPropertySource] to EncryptableMapPropertySourceWrapper
2024-02-27T12:40:47.658-06:00  INFO 48868 --- [           main] c.u.j.EncryptablePropertySourceConverter : Skipping PropertySource servletConfigInitParams [class org.springframework.core.env.PropertySource$StubPropertySource
2024-02-27T12:40:47.658-06:00  INFO 48868 --- [           main] c.u.j.EncryptablePropertySourceConverter : Converting PropertySource servletContextInitParams [org.springframework.web.context.support.ServletContextPropertySource] to EncryptableEnumerablePropertySourceWrapper
2024-02-27T12:40:47.658-06:00  INFO 48868 --- [           main] c.u.j.EncryptablePropertySourceConverter : Converting PropertySource systemProperties [org.springframework.core.env.PropertiesPropertySource] to EncryptableMapPropertySourceWrapper
2024-02-27T12:40:47.658-06:00  INFO 48868 --- [           main] c.u.j.EncryptablePropertySourceConverter : Converting PropertySource systemEnvironment [org.springframework.boot.env.SystemEnvironmentPropertySourceEnvironmentPostProcessor$OriginAwareSystemEnvironmentPropertySource] to EncryptableSystemEnvironmentPropertySourceWrapper
2024-02-27T12:40:47.658-06:00  INFO 48868 --- [           main] c.u.j.EncryptablePropertySourceConverter : Converting PropertySource random [org.springframework.boot.env.RandomValuePropertySource] to EncryptablePropertySourceWrapper
2024-02-27T12:40:47.658-06:00  INFO 48868 --- [           main] c.u.j.EncryptablePropertySourceConverter : Converting PropertySource Config resource 'class path resource [application.properties]' via location 'optional:classpath:/' [org.springframework.boot.env.OriginTrackedMapPropertySource] to EncryptableMapPropertySourceWrapper
2024-02-27T12:40:47.658-06:00  INFO 48868 --- [           main] c.u.j.EncryptablePropertySourceConverter : Converting PropertySource Config resource 'class path resource [application.yml]' via location 'optional:classpath:/' [org.springframework.boot.env.OriginTrackedMapPropertySource] to EncryptableMapPropertySourceWrapper
2024-02-27T12:40:47.658-06:00  INFO 48868 --- [           main] c.u.j.EncryptablePropertySourceConverter : Converting PropertySource EncryptedProperties [org.springframework.core.io.support.ResourcePropertySource] to EncryptableMapPropertySourceWrapper
2024-02-27T12:40:47.683-06:00  INFO 48868 --- [           main] c.u.j.filter.DefaultLazyPropertyFilter   : Property Filter custom Bean not found with name 'encryptablePropertyFilter'. Initializing Default Property Filter
2024-02-27T12:40:47.691-06:00  INFO 48868 --- [           main] c.u.j.r.DefaultLazyPropertyResolver      : Property Resolver custom Bean not found with name 'encryptablePropertyResolver'. Initializing Default Property Resolver
2024-02-27T12:40:47.692-06:00  INFO 48868 --- [           main] c.u.j.d.DefaultLazyPropertyDetector      : Property Detector custom Bean not found with name 'encryptablePropertyDetector'. Initializing Default Property Detector
2024-02-27T12:40:47.699-06:00  INFO 48868 --- [           main] c.u.j.encryptor.DefaultLazyEncryptor     : Found Custom Encryptor Bean org.jasypt.encryption.pbe.PooledPBEStringEncryptor@e26af6 with name: encryptorBean
2024-02-27T12:40:47.891-06:00  INFO 48868 --- [           main] c.e.Demo.Demo.DemoApplicationTests       : Started DemoApplicationTests in 0.733 seconds (process running for 1.128)
2024-02-27T12:40:47.892-06:00  INFO 48868 --- [           main] com.example.Demo.Demo.DemoApplication    : MyService's secret: TestToSeeIfThisWorks
2024-02-27T12:40:47.892-06:00  INFO 48868 --- [           main] com.example.Demo.Demo.DemoApplication    : ItemConfig: [ItemConfig@f0a66bd configurationName = 'my configuration', password = 'TestToSeeIfThisWorks', items = list[[ItemConfig.Item@460b50df name = 'item1', value = 1], [ItemConfig.Item@1cf336fd name = 'item2', value = 2]]]
2024-02-27T12:40:47.894-06:00  INFO 48868 --- [           main] com.example.Demo.Demo.DemoApplication    : Secret from @EncryptablePropertySource annotation: TestToSeeIfThisWorks
2024-02-27T12:40:47.895-06:00  INFO 48868 --- [           main] com.example.Demo.Demo.DemoApplication    : Secret from @EncryptablePropertySource annotation and YAML File: TestToSeeIfThisWorks
2024-02-27T12:40:47.895-06:00  INFO 48868 --- [           main] com.example.Demo.Demo.DemoApplication    : XML Context SimpleBean value: TestToSeeIfThisWorks
2024-02-27T12:40:47.895-06:00  INFO 48868 --- [           main] com.example.Demo.Demo.DemoApplication    : Done!
]]></system-out>
  </testcase>
</testsuite>